
 Performance counter stats for './rot-13 -tf sample_files/moby_dick.txt' (10 runs):

         64,549500      task-clock (msec)         #    0,981 CPUs utilized            ( +-  1,05% )
                 7      context-switches          #    0,110 K/sec                    ( +-  8,25% )
                 1      cpu-migrations            #    0,017 K/sec                    ( +-  9,09% )
             1.241      page-faults               #    0,019 M/sec                    ( +-  0,03% )
       222.684.911      cycles                    #    3,450 GHz                      ( +-  0,50% )  (81,60%)
        20.509.308      stalled-cycles-frontend   #    9,21% frontend cycles idle     ( +-  1,14% )  (81,47%)
        22.774.947      stalled-cycles-backend    #   10,23% backend  cycles idle     ( +-  4,10% )  (38,57%)
       279.347.799      instructions              #    1,25  insns per cycle        
                                                  #    0,08  stalled cycles per insn  ( +-  2,68% )  (57,39%)
        52.095.344      branches                  #  807,060 M/sec                    ( +-  1,62% )  (71,18%)
         1.725.727      branch-misses             #    3,31% of all branches          ( +-  0,68% )  (83,70%)

       0,065792100 seconds time elapsed                                          ( +-  1,58% )


 Performance counter stats for './rot-13 -tf sample_files/king_james_bible.txt' (10 runs):

        206,909684      task-clock (msec)         #    0,995 CPUs utilized            ( +-  0,78% )
                19      context-switches          #    0,092 K/sec                    ( +-  2,13% )
                 1      cpu-migrations            #    0,005 K/sec                    ( +- 16,32% )
             1.830      page-faults               #    0,009 M/sec                    ( +-  4,57% )
       739.397.622      cycles                    #    3,574 GHz                      ( +-  0,33% )  (82,63%)
        61.920.522      stalled-cycles-frontend   #    8,37% frontend cycles idle     ( +-  1,02% )  (82,83%)
        94.734.484      stalled-cycles-backend    #   12,81% backend  cycles idle     ( +-  2,44% )  (34,96%)
     1.016.693.764      instructions              #    1,38  insns per cycle        
                                                  #    0,09  stalled cycles per insn  ( +-  0,53% )  (52,20%)
       188.637.461      branches                  #  911,690 M/sec                    ( +-  0,40% )  (68,13%)
         5.379.606      branch-misses             #    2,85% of all branches          ( +-  0,95% )  (83,72%)

       0,208043802 seconds time elapsed                                          ( +-  0,80% )


 Performance counter stats for './rot-13 -tf sample_files/hubble_1.tif' (10 runs):

        595,528484      task-clock (msec)         #    0,997 CPUs utilized            ( +-  1,94% )
                53      context-switches          #    0,088 K/sec                    ( +-  1,56% )
                 1      cpu-migrations            #    0,002 K/sec                    ( +- 11,11% )
             1.892      page-faults               #    0,003 M/sec                    ( +-  0,02% )
     2.092.274.690      cycles                    #    3,513 GHz                      ( +-  1,55% )  (83,21%)
        84.668.013      stalled-cycles-frontend   #    4,05% frontend cycles idle     ( +- 16,43% )  (83,28%)
       241.196.706      stalled-cycles-backend    #   11,53% backend  cycles idle     ( +-  2,79% )  (33,65%)
     3.825.242.832      instructions              #    1,83  insns per cycle        
                                                  #    0,06  stalled cycles per insn  ( +-  0,54% )  (50,68%)
       934.262.237      branches                  # 1568,795 M/sec                    ( +-  0,30% )  (67,16%)
         1.157.804      branch-misses             #    0,12% of all branches          ( +- 98,65% )  (83,47%)

       0,597048604 seconds time elapsed                                          ( +-  1,93% )


 Performance counter stats for './rot-13 -tf sample_files/mercury.png' (10 runs):

        381,793747      task-clock (msec)         #    0,997 CPUs utilized            ( +-  1,18% )
                34      context-switches          #    0,089 K/sec                    ( +-  1,45% )
                 1      cpu-migrations            #    0,003 K/sec                    ( +- 11,11% )
             1.878      page-faults               #    0,005 M/sec                    ( +-  4,53% )
     1.351.135.342      cycles                    #    3,539 GHz                      ( +-  0,64% )  (82,93%)
        51.689.011      stalled-cycles-frontend   #    3,83% frontend cycles idle     ( +-  6,14% )  (83,13%)
       170.423.831      stalled-cycles-backend    #   12,61% backend  cycles idle     ( +-  7,49% )  (34,16%)
     2.457.700.665      instructions              #    1,82  insns per cycle        
                                                  #    0,07  stalled cycles per insn  ( +-  0,21% )  (50,92%)
       600.028.452      branches                  # 1571,604 M/sec                    ( +-  0,11% )  (67,19%)
            15.239      branch-misses             #    0,00% of all branches          ( +-  8,13% )  (83,36%)

       0,382835870 seconds time elapsed                                          ( +-  1,18% )

