
 Performance counter stats for './rot-13 -tf ../sample_files/moby_dick.txt' (10 runs):

        688,240376      task-clock (msec)         #    0,923 CPUs utilized            ( +-  0,57% )
                65      context-switches          #    0,094 K/sec                    ( +-  2,39% )
                14      cpu-migrations            #    0,020 K/sec                    ( +-  5,43% )
             2.376      page-faults               #    0,003 M/sec                    ( +-  0,01% )
     2.132.432.363      cycles                    #    3,098 GHz                      ( +-  1,48% )  (83,23%)
       511.026.943      stalled-cycles-frontend   #   23,96% frontend cycles idle     ( +-  2,08% )  (83,47%)
     1.194.595.798      stalled-cycles-backend    #   56,02% backend  cycles idle     ( +-  2,56% )  (33,71%)
       787.177.056      instructions              #    0,37  insns per cycle        
                                                  #    1,52  stalled cycles per insn  ( +-  2,02% )  (50,65%)
       178.557.060      branches                  #  259,440 M/sec                    ( +-  1,16% )  (67,07%)
         1.540.298      branch-misses             #    0,86% of all branches          ( +-  1,37% )  (83,41%)

       0,745363388 seconds time elapsed                                          ( +-  1,13% )


 Performance counter stats for './rot-13 -tf ../sample_files/king_james_bible.txt' (10 runs):

        759,219034      task-clock (msec)         #    0,937 CPUs utilized            ( +-  0,48% )
                70      context-switches          #    0,092 K/sec                    ( +-  1,58% )
                13      cpu-migrations            #    0,017 K/sec                    ( +-  4,08% )
             2.700      page-faults               #    0,004 M/sec                    ( +-  3,09% )
     2.475.456.943      cycles                    #    3,261 GHz                      ( +-  0,95% )  (83,27%)
       557.422.053      stalled-cycles-frontend   #   22,52% frontend cycles idle     ( +-  1,30% )  (83,12%)
     1.284.044.030      stalled-cycles-backend    #   51,87% backend  cycles idle     ( +-  2,12% )  (33,89%)
     1.215.717.525      instructions              #    0,49  insns per cycle        
                                                  #    1,06  stalled cycles per insn  ( +-  0,97% )  (50,81%)
       282.100.654      branches                  #  371,567 M/sec                    ( +-  0,71% )  (67,20%)
         1.598.947      branch-misses             #    0,57% of all branches          ( +-  0,73% )  (83,49%)

       0,809990730 seconds time elapsed                                          ( +-  0,44% )


 Performance counter stats for './rot-13 -tf ../sample_files/hubble_1.tif' (10 runs):

       1239,891232      task-clock (msec)         #    0,959 CPUs utilized            ( +-  0,76% )
               113      context-switches          #    0,091 K/sec                    ( +-  1,40% )
                14      cpu-migrations            #    0,012 K/sec                    ( +-  2,56% )
             2.741      page-faults               #    0,002 M/sec                    ( +-  2,48% )
     4.160.384.372      cycles                    #    3,355 GHz                      ( +-  0,69% )  (83,22%)
       578.594.439      stalled-cycles-frontend   #   13,91% frontend cycles idle     ( +-  2,20% )  (83,35%)
     1.513.977.500      stalled-cycles-backend    #   36,39% backend  cycles idle     ( +-  1,21% )  (33,63%)
     4.526.014.820      instructions              #    1,09  insns per cycle        
                                                  #    0,33  stalled cycles per insn  ( +-  0,36% )  (50,49%)
     1.088.272.547      branches                  #  877,716 M/sec                    ( +-  0,31% )  (66,99%)
         1.645.517      branch-misses             #    0,15% of all branches          ( +-  3,04% )  (83,43%)

       1,292532771 seconds time elapsed                                          ( +-  0,75% )


 Performance counter stats for './rot-13 -tf ../sample_files/mercury.png' (10 runs):

       1029,709328      task-clock (msec)         #    0,952 CPUs utilized            ( +-  0,73% )
                94      context-switches          #    0,091 K/sec                    ( +-  1,25% )
                13      cpu-migrations            #    0,013 K/sec                    ( +-  2,70% )
             2.783      page-faults               #    0,003 M/sec                    ( +-  2,80% )
     3.461.280.723      cycles                    #    3,361 GHz                      ( +-  1,29% )  (83,12%)
       580.970.977      stalled-cycles-frontend   #   16,78% frontend cycles idle     ( +-  1,66% )  (83,21%)
     1.406.086.483      stalled-cycles-backend    #   40,62% backend  cycles idle     ( +-  2,75% )  (33,83%)
     3.145.357.022      instructions              #    0,91  insns per cycle        
                                                  #    0,45  stalled cycles per insn  ( +-  0,50% )  (50,62%)
       755.068.160      branches                  #  733,283 M/sec                    ( +-  0,37% )  (67,01%)
         1.606.610      branch-misses             #    0,21% of all branches          ( +-  1,64% )  (83,47%)

       1,081221808 seconds time elapsed                                          ( +-  0,71% )

